<?xml version="1.0" encoding="UTF-8"?>
<!-- Generated by org.testng.reporters.JUnitXMLReporter -->
<testsuite ignored="0" hostname="DESKTOP-M9BLJAP" failures="0" tests="12" name="Default test" time="25.78" errors="0" timestamp="2024-07-29T14:52:54 EET">
  <testcase classname="MyTestCases" name="closeTheWindow" time="1.532"/>
  <testcase classname="MyTestCases" name="checkTheLanguage" time="0.046"/>
  <testcase classname="MyTestCases" name="checkTheCurrency" time="0.042"/>
  <testcase classname="MyTestCases" name="checkContactNumber" time="0.022"/>
  <testcase classname="MyTestCases" name="checkTheHotelsTabNotSelected" time="0.023"/>
  <testcase classname="MyTestCases" name="checkTheDepartureFlight" time="0.025"/>
  <testcase classname="MyTestCases" name="checkReturnFlight" time="0.021"/>
  <testcase classname="MyTestCases" name="setTheLanguageRandomly" time="0.726"/>
  <testcase classname="MyTestCases" name="setLocationRandomly" time="0.326"/>
  <testcase classname="MyTestCases" name="selectRoomSize" time="4.158"/>
  <testcase classname="MyTestCases" name="checkTheLoading" time="15.927"/>
  <testcase classname="MyTestCases" name="checkTheLowest" time="1.124"/>
</testsuite> <!-- Default test -->
